<?xml version="1.0" encoding="UTF-8"?>
<!-- Generated by org.testng.reporters.JUnitXMLReporter -->
<testsuite hostname="DSHYD-086" name="Functional-Tests" tests="34" failures="8" timestamp="3 Jul 2017 05:46:10 GMT" time="3689.282" errors="0">
  <testcase name="TestValidation" time="67.467" classname="com.cloudfm.andriod.Tc_andriod_002">
    <failure type="org.openqa.selenium.NoSuchElementException" message="An element could not be located on the page using the given search parameters. (WARNING: The server did not provide any stacktrace information)
Command duration or timeout: 20.44 seconds
For documentation on this error, please visit: http://seleniumhq.org/exceptions/no_such_element.html
Build info: version: &amp;apos;3.0.0&amp;apos;, revision: &amp;apos;350cf60&amp;apos;, time: &amp;apos;2016-10-13 10:48:57 -0700&amp;apos;
System info: host: &amp;apos;DSHYD-086&amp;apos;, ip: &amp;apos;172.16.3.3&amp;apos;, os.name: &amp;apos;Windows 7&amp;apos;, os.arch: &amp;apos;amd64&amp;apos;, os.version: &amp;apos;6.1&amp;apos;, java.version: &amp;apos;1.8.0_121&amp;apos;
Driver info: io.appium.java_client.android.AndroidDriver
Capabilities [{appPackage=com.cloudfmgroup.cloudFMApp, deviceName=4200088eca576300, platform=LINUX, deviceUDID=4200088eca576300, desired={app=E:\Lavanya\Cloudfm\Cloudfm\src\main\resources\App_APK\Cloudfm.apk, newCommandTimeout=300, platformVersion=6.0.1, automationName=Appium, browserName=, platformName=Android, udid=4200088eca576300, deviceName=Galaxy J2(2016)}, newCommandTimeout=300, platformVersion=6.0.1, webStorageEnabled=false, automationName=Appium, takesScreenshot=true, browserName=, javascriptEnabled=true, platformName=Android, udid=4200088eca576300, deviceManufacturer=samsung, app=E:\Lavanya\Cloudfm\Cloudfm\src\main\resources\App_APK\Cloudfm.apk, deviceScreenSize=720x1280, networkConnectionEnabled=true, warnings={}, appWaitPackage=com.cloudfmgroup.cloudFMApp, appWaitActivity=com.cloudfmgroup.cloudFMApp.MainActivity, databaseEnabled=false, appActivity=com.cloudfmgroup.cloudFMApp.MainActivity, locationContextEnabled=false, deviceModel=SM-J210F}]
Session ID: 3d0c03fc-2220-4e10-bc1c-42affa2b1f9d
*** Element info: {Using=xpath, value=//android.widget.Button[@index=&amp;apos;1&amp;apos;]}">
      <![CDATA[org.openqa.selenium.NoSuchElementException: An element could not be located on the page using the given search parameters. (WARNING: The server did not provide any stacktrace information)
Command duration or timeout: 20.44 seconds
For documentation on this error, please visit: http://seleniumhq.org/exceptions/no_such_element.html
Build info: version: '3.0.0', revision: '350cf60', time: '2016-10-13 10:48:57 -0700'
System info: host: 'DSHYD-086', ip: '172.16.3.3', os.name: 'Windows 7', os.arch: 'amd64', os.version: '6.1', java.version: '1.8.0_121'
Driver info: io.appium.java_client.android.AndroidDriver
Capabilities [{appPackage=com.cloudfmgroup.cloudFMApp, deviceName=4200088eca576300, platform=LINUX, deviceUDID=4200088eca576300, desired={app=E:\Lavanya\Cloudfm\Cloudfm\src\main\resources\App_APK\Cloudfm.apk, newCommandTimeout=300, platformVersion=6.0.1, automationName=Appium, browserName=, platformName=Android, udid=4200088eca576300, deviceName=Galaxy J2(2016)}, newCommandTimeout=300, platformVersion=6.0.1, webStorageEnabled=false, automationName=Appium, takesScreenshot=true, browserName=, javascriptEnabled=true, platformName=Android, udid=4200088eca576300, deviceManufacturer=samsung, app=E:\Lavanya\Cloudfm\Cloudfm\src\main\resources\App_APK\Cloudfm.apk, deviceScreenSize=720x1280, networkConnectionEnabled=true, warnings={}, appWaitPackage=com.cloudfmgroup.cloudFMApp, appWaitActivity=com.cloudfmgroup.cloudFMApp.MainActivity, databaseEnabled=false, appActivity=com.cloudfmgroup.cloudFMApp.MainActivity, locationContextEnabled=false, deviceModel=SM-J210F}]
Session ID: 3d0c03fc-2220-4e10-bc1c-42affa2b1f9d
*** Element info: {Using=xpath, value=//android.widget.Button[@index='1']}
	at org.openqa.selenium.remote.ErrorHandler.createThrowable(ErrorHandler.java:216)
	at org.openqa.selenium.remote.ErrorHandler.throwIfResponseFailed(ErrorHandler.java:168)
	at org.openqa.selenium.remote.RemoteWebDriver.execute(RemoteWebDriver.java:635)
	at io.appium.java_client.DefaultGenericMobileDriver.execute(DefaultGenericMobileDriver.java:42)
	at io.appium.java_client.AppiumDriver.execute(AppiumDriver.java:1)
	at io.appium.java_client.android.AndroidDriver.execute(AndroidDriver.java:1)
	at org.openqa.selenium.remote.RemoteWebDriver.findElement(RemoteWebDriver.java:368)
	at io.appium.java_client.DefaultGenericMobileDriver.findElement(DefaultGenericMobileDriver.java:62)
	at io.appium.java_client.AppiumDriver.findElement(AppiumDriver.java:1)
	at io.appium.java_client.android.AndroidDriver.findElement(AndroidDriver.java:1)
	at org.openqa.selenium.remote.RemoteWebDriver.findElementByXPath(RemoteWebDriver.java:473)
	at io.appium.java_client.DefaultGenericMobileDriver.findElementByXPath(DefaultGenericMobileDriver.java:140)
	at io.appium.java_client.AppiumDriver.findElementByXPath(AppiumDriver.java:1)
	at io.appium.java_client.android.AndroidDriver.findElementByXPath(AndroidDriver.java:1)
	at org.openqa.selenium.By$ByXPath.findElement(By.java:361)
	at org.openqa.selenium.remote.RemoteWebDriver.findElement(RemoteWebDriver.java:360)
	at io.appium.java_client.DefaultGenericMobileDriver.findElement(DefaultGenericMobileDriver.java:58)
	at io.appium.java_client.AppiumDriver.findElement(AppiumDriver.java:1)
	at io.appium.java_client.android.AndroidDriver.findElement(AndroidDriver.java:1)
	at Utilities.KeywordUtil.click(KeywordUtil.java:183)
	at Utilities.AndroidApplicationFunctions.Checkpopup(AndroidApplicationFunctions.java:1272)
	at Utilities.AndroidApplicationFunctions.Checkforgotpassword(AndroidApplicationFunctions.java:1251)
	at com.cloudfm.andriod.Tc_andriod_002.TestValidation(Tc_andriod_002.java:54)
	at suite.runner.CustomSuiteRunner.suiteRunner(CustomSuiteRunner.java:147)
... Removed 52 stack frames]]>
    </failure>
  </testcase> <!-- TestValidation -->
  <testcase name="TestValidation" time="72.751" classname="com.cloudfm.andriod.Tc_andriod_003">
    <failure type="org.openqa.selenium.NoSuchElementException" message="An element could not be located on the page using the given search parameters. (WARNING: The server did not provide any stacktrace information)
Command duration or timeout: 20.30 seconds
For documentation on this error, please visit: http://seleniumhq.org/exceptions/no_such_element.html
Build info: version: &amp;apos;3.0.0&amp;apos;, revision: &amp;apos;350cf60&amp;apos;, time: &amp;apos;2016-10-13 10:48:57 -0700&amp;apos;
System info: host: &amp;apos;DSHYD-086&amp;apos;, ip: &amp;apos;172.16.3.3&amp;apos;, os.name: &amp;apos;Windows 7&amp;apos;, os.arch: &amp;apos;amd64&amp;apos;, os.version: &amp;apos;6.1&amp;apos;, java.version: &amp;apos;1.8.0_121&amp;apos;
Driver info: io.appium.java_client.android.AndroidDriver
Capabilities [{appPackage=com.cloudfmgroup.cloudFMApp, deviceName=4200088eca576300, platform=LINUX, deviceUDID=4200088eca576300, desired={app=E:\Lavanya\Cloudfm\Cloudfm\src\main\resources\App_APK\Cloudfm.apk, newCommandTimeout=300, platformVersion=6.0.1, automationName=Appium, browserName=, platformName=Android, udid=4200088eca576300, deviceName=Galaxy J2(2016)}, newCommandTimeout=300, platformVersion=6.0.1, webStorageEnabled=false, automationName=Appium, takesScreenshot=true, browserName=, javascriptEnabled=true, platformName=Android, udid=4200088eca576300, deviceManufacturer=samsung, app=E:\Lavanya\Cloudfm\Cloudfm\src\main\resources\App_APK\Cloudfm.apk, deviceScreenSize=720x1280, networkConnectionEnabled=true, warnings={}, appWaitPackage=com.cloudfmgroup.cloudFMApp, appWaitActivity=com.cloudfmgroup.cloudFMApp.MainActivity, databaseEnabled=false, appActivity=com.cloudfmgroup.cloudFMApp.MainActivity, locationContextEnabled=false, deviceModel=SM-J210F}]
Session ID: 9049204b-40c6-4f9e-b990-a41e0518ac39
*** Element info: {Using=xpath, value=.//*[@content-desc=&amp;apos;Resend Password&amp;apos;]}">
      <![CDATA[org.openqa.selenium.NoSuchElementException: An element could not be located on the page using the given search parameters. (WARNING: The server did not provide any stacktrace information)
Command duration or timeout: 20.30 seconds
For documentation on this error, please visit: http://seleniumhq.org/exceptions/no_such_element.html
Build info: version: '3.0.0', revision: '350cf60', time: '2016-10-13 10:48:57 -0700'
System info: host: 'DSHYD-086', ip: '172.16.3.3', os.name: 'Windows 7', os.arch: 'amd64', os.version: '6.1', java.version: '1.8.0_121'
Driver info: io.appium.java_client.android.AndroidDriver
Capabilities [{appPackage=com.cloudfmgroup.cloudFMApp, deviceName=4200088eca576300, platform=LINUX, deviceUDID=4200088eca576300, desired={app=E:\Lavanya\Cloudfm\Cloudfm\src\main\resources\App_APK\Cloudfm.apk, newCommandTimeout=300, platformVersion=6.0.1, automationName=Appium, browserName=, platformName=Android, udid=4200088eca576300, deviceName=Galaxy J2(2016)}, newCommandTimeout=300, platformVersion=6.0.1, webStorageEnabled=false, automationName=Appium, takesScreenshot=true, browserName=, javascriptEnabled=true, platformName=Android, udid=4200088eca576300, deviceManufacturer=samsung, app=E:\Lavanya\Cloudfm\Cloudfm\src\main\resources\App_APK\Cloudfm.apk, deviceScreenSize=720x1280, networkConnectionEnabled=true, warnings={}, appWaitPackage=com.cloudfmgroup.cloudFMApp, appWaitActivity=com.cloudfmgroup.cloudFMApp.MainActivity, databaseEnabled=false, appActivity=com.cloudfmgroup.cloudFMApp.MainActivity, locationContextEnabled=false, deviceModel=SM-J210F}]
Session ID: 9049204b-40c6-4f9e-b990-a41e0518ac39
*** Element info: {Using=xpath, value=.//*[@content-desc='Resend Password']}
	at org.openqa.selenium.remote.ErrorHandler.createThrowable(ErrorHandler.java:216)
	at org.openqa.selenium.remote.ErrorHandler.throwIfResponseFailed(ErrorHandler.java:168)
	at org.openqa.selenium.remote.RemoteWebDriver.execute(RemoteWebDriver.java:635)
	at io.appium.java_client.DefaultGenericMobileDriver.execute(DefaultGenericMobileDriver.java:42)
	at io.appium.java_client.AppiumDriver.execute(AppiumDriver.java:1)
	at io.appium.java_client.android.AndroidDriver.execute(AndroidDriver.java:1)
	at org.openqa.selenium.remote.RemoteWebDriver.findElement(RemoteWebDriver.java:368)
	at io.appium.java_client.DefaultGenericMobileDriver.findElement(DefaultGenericMobileDriver.java:62)
	at io.appium.java_client.AppiumDriver.findElement(AppiumDriver.java:1)
	at io.appium.java_client.android.AndroidDriver.findElement(AndroidDriver.java:1)
	at org.openqa.selenium.remote.RemoteWebDriver.findElementByXPath(RemoteWebDriver.java:473)
	at io.appium.java_client.DefaultGenericMobileDriver.findElementByXPath(DefaultGenericMobileDriver.java:140)
	at io.appium.java_client.AppiumDriver.findElementByXPath(AppiumDriver.java:1)
	at io.appium.java_client.android.AndroidDriver.findElementByXPath(AndroidDriver.java:1)
	at org.openqa.selenium.By$ByXPath.findElement(By.java:361)
	at org.openqa.selenium.remote.RemoteWebDriver.findElement(RemoteWebDriver.java:360)
	at io.appium.java_client.DefaultGenericMobileDriver.findElement(DefaultGenericMobileDriver.java:58)
	at io.appium.java_client.AppiumDriver.findElement(AppiumDriver.java:1)
	at io.appium.java_client.android.AndroidDriver.findElement(AndroidDriver.java:1)
	at Utilities.KeywordUtil.click(KeywordUtil.java:183)
	at Utilities.AndroidApplicationFunctions.ResendPasswordMessage(AndroidApplicationFunctions.java:1297)
	at com.cloudfm.andriod.Tc_andriod_003.TestValidation(Tc_andriod_003.java:56)
	at suite.runner.CustomSuiteRunner.suiteRunner(CustomSuiteRunner.java:147)
... Removed 52 stack frames]]>
    </failure>
  </testcase> <!-- TestValidation -->
  <testcase name="TestValidation" time="43.005" classname="com.cloudfm.andriod.Tc_andriod_005"/>
  <testcase name="TestValidation" time="44.338" classname="com.cloudfm.andriod.Tc_andriod_006"/>
  <testcase name="TestValidation" time="79.451" classname="com.cloudfm.andriod.Tc_andriod_010"/>
  <testcase name="TestValidation" time="83.756" classname="com.cloudfm.andriod.Tc_andriod_012"/>
  <testcase name="TestValidation" time="170.603" classname="com.cloudfm.andriod.Tc_andriod_016"/>
  <testcase name="TestValidation" time="111.495" classname="com.cloudfm.andriod.Tc_andriod_023"/>
  <testcase name="TestValidation" time="80.745" classname="com.cloudfm.andriod.Tc_andriod_028"/>
  <testcase name="TestValidation" time="78.086" classname="com.cloudfm.andriod.Tc_andriod_029"/>
  <testcase name="TestValidation" time="97.628" classname="com.cloudfm.andriod.Tc_andriod_035"/>
  <testcase name="TestValidation" time="79.05" classname="com.cloudfm.andriod.Tc_andriod_041"/>
  <testcase name="TestValidation" time="93.148" classname="com.cloudfm.andriod.Tc_andriod_043"/>
  <testcase name="TestValidation" time="106.769" classname="com.cloudfm.andriod.Tc_andriod_044"/>
  <testcase name="TestValidation" time="116.454" classname="com.cloudfm.andriod.Tc_andriod_045"/>
  <testcase name="TestValidation" time="119.938" classname="com.cloudfm.andriod.Tc_andriod_046"/>
  <testcase name="TestValidation" time="161.477" classname="com.cloudfm.andriod.Tc_andriod_047">
    <failure type="java.lang.AssertionError" message="expected [Sun Jul 9 2017] but found [Sun Jul 09 2017]">
      <![CDATA[java.lang.AssertionError: expected [Sun Jul 9 2017] but found [Sun Jul 09 2017]
	at Utilities.AndroidApplicationFunctions.verifyTimesheetFunctionality(AndroidApplicationFunctions.java:785)
	at com.cloudfm.andriod.Tc_andriod_047.TestValidation(Tc_andriod_047.java:56)
	at suite.runner.CustomSuiteRunner.suiteRunner(CustomSuiteRunner.java:147)
... Removed 54 stack frames]]>
    </failure>
  </testcase> <!-- TestValidation -->
  <testcase name="TestValidation" time="125.38" classname="com.cloudfm.andriod.Tc_andriod_049">
    <failure type="org.openqa.selenium.NoSuchElementException" message="An element could not be located on the page using the given search parameters. (WARNING: The server did not provide any stacktrace information)
Command duration or timeout: 24.72 seconds
For documentation on this error, please visit: http://seleniumhq.org/exceptions/no_such_element.html
Build info: version: &amp;apos;3.0.0&amp;apos;, revision: &amp;apos;350cf60&amp;apos;, time: &amp;apos;2016-10-13 10:48:57 -0700&amp;apos;
System info: host: &amp;apos;DSHYD-086&amp;apos;, ip: &amp;apos;172.16.3.3&amp;apos;, os.name: &amp;apos;Windows 7&amp;apos;, os.arch: &amp;apos;amd64&amp;apos;, os.version: &amp;apos;6.1&amp;apos;, java.version: &amp;apos;1.8.0_121&amp;apos;
Driver info: io.appium.java_client.android.AndroidDriver
Capabilities [{appPackage=com.cloudfmgroup.cloudFMApp, deviceName=4200088eca576300, platform=LINUX, deviceUDID=4200088eca576300, desired={app=E:\Lavanya\Cloudfm\Cloudfm\src\main\resources\App_APK\Cloudfm.apk, newCommandTimeout=300, platformVersion=6.0.1, automationName=Appium, browserName=, platformName=Android, udid=4200088eca576300, deviceName=Galaxy J2(2016)}, newCommandTimeout=300, platformVersion=6.0.1, webStorageEnabled=false, automationName=Appium, takesScreenshot=true, browserName=, javascriptEnabled=true, platformName=Android, udid=4200088eca576300, deviceManufacturer=samsung, app=E:\Lavanya\Cloudfm\Cloudfm\src\main\resources\App_APK\Cloudfm.apk, deviceScreenSize=720x1280, networkConnectionEnabled=true, warnings={}, appWaitPackage=com.cloudfmgroup.cloudFMApp, appWaitActivity=com.cloudfmgroup.cloudFMApp.MainActivity, databaseEnabled=false, appActivity=com.cloudfmgroup.cloudFMApp.MainActivity, locationContextEnabled=false, deviceModel=SM-J210F}]
Session ID: bdf8ab54-583a-49a1-b76f-d773e4f9b0cc">
      <![CDATA[org.openqa.selenium.NoSuchElementException: An element could not be located on the page using the given search parameters. (WARNING: The server did not provide any stacktrace information)
Command duration or timeout: 24.72 seconds
For documentation on this error, please visit: http://seleniumhq.org/exceptions/no_such_element.html
Build info: version: '3.0.0', revision: '350cf60', time: '2016-10-13 10:48:57 -0700'
System info: host: 'DSHYD-086', ip: '172.16.3.3', os.name: 'Windows 7', os.arch: 'amd64', os.version: '6.1', java.version: '1.8.0_121'
Driver info: io.appium.java_client.android.AndroidDriver
Capabilities [{appPackage=com.cloudfmgroup.cloudFMApp, deviceName=4200088eca576300, platform=LINUX, deviceUDID=4200088eca576300, desired={app=E:\Lavanya\Cloudfm\Cloudfm\src\main\resources\App_APK\Cloudfm.apk, newCommandTimeout=300, platformVersion=6.0.1, automationName=Appium, browserName=, platformName=Android, udid=4200088eca576300, deviceName=Galaxy J2(2016)}, newCommandTimeout=300, platformVersion=6.0.1, webStorageEnabled=false, automationName=Appium, takesScreenshot=true, browserName=, javascriptEnabled=true, platformName=Android, udid=4200088eca576300, deviceManufacturer=samsung, app=E:\Lavanya\Cloudfm\Cloudfm\src\main\resources\App_APK\Cloudfm.apk, deviceScreenSize=720x1280, networkConnectionEnabled=true, warnings={}, appWaitPackage=com.cloudfmgroup.cloudFMApp, appWaitActivity=com.cloudfmgroup.cloudFMApp.MainActivity, databaseEnabled=false, appActivity=com.cloudfmgroup.cloudFMApp.MainActivity, locationContextEnabled=false, deviceModel=SM-J210F}]
Session ID: bdf8ab54-583a-49a1-b76f-d773e4f9b0cc
	at org.openqa.selenium.remote.ErrorHandler.createThrowable(ErrorHandler.java:216)
	at org.openqa.selenium.remote.ErrorHandler.throwIfResponseFailed(ErrorHandler.java:168)
	at org.openqa.selenium.remote.RemoteWebDriver.execute(RemoteWebDriver.java:635)
	at io.appium.java_client.DefaultGenericMobileDriver.execute(DefaultGenericMobileDriver.java:42)
	at io.appium.java_client.AppiumDriver.execute(AppiumDriver.java:1)
	at io.appium.java_client.android.AndroidDriver.execute(AndroidDriver.java:1)
	at org.openqa.selenium.remote.RemoteWebElement.execute(RemoteWebElement.java:274)
	at io.appium.java_client.DefaultGenericMobileElement.execute(DefaultGenericMobileElement.java:45)
	at io.appium.java_client.MobileElement.execute(MobileElement.java:1)
	at io.appium.java_client.android.AndroidElement.execute(AndroidElement.java:1)
	at org.openqa.selenium.remote.RemoteWebElement.sendKeys(RemoteWebElement.java:98)
	at Utilities.KeywordUtil.writeInInput(KeywordUtil.java:117)
	at Utilities.AndroidApplicationFunctions.EndDayAtAgenda(AndroidApplicationFunctions.java:312)
	at com.cloudfm.andriod.Tc_andriod_049.TestValidation(Tc_andriod_049.java:54)
	at suite.runner.CustomSuiteRunner.suiteRunner(CustomSuiteRunner.java:147)
... Removed 52 stack frames]]>
    </failure>
  </testcase> <!-- TestValidation -->
  <testcase name="TestValidation" time="79.418" classname="com.cloudfm.andriod.Tc_andriod_050"/>
  <testcase name="TestValidation" time="111.005" classname="com.cloudfm.andriod.Tc_andriod_052"/>
  <testcase name="TestValidation" time="113.805" classname="com.cloudfm.andriod.Tc_andriod_053"/>
  <testcase name="TestValidation" time="113.167" classname="com.cloudfm.andriod.Tc_andriod_054"/>
  <testcase name="TestValidation" time="115.972" classname="com.cloudfm.andriod.Tc_andriod_055"/>
  <testcase name="TestValidation" time="118.361" classname="com.cloudfm.andriod.Tc_andriod_056"/>
  <testcase name="TestValidation" time="113.354" classname="com.cloudfm.andriod.Tc_andriod_057"/>
  <testcase name="TestValidation" time="115.876" classname="com.cloudfm.andriod.Tc_andriod_058"/>
  <testcase name="TestValidation" time="116.532" classname="com.cloudfm.andriod.Tc_andriod_059"/>
  <testcase name="TestValidation" time="118.745" classname="com.cloudfm.andriod.Tc_andriod_060"/>
  <testcase name="TestValidation" time="102.549" classname="com.cloudfm.andriod.Tc_andriod_062">
    <failure type="org.openqa.selenium.WebDriverException" message="unknown error: operation is unsupported on Android
  (Session info: chrome=58.0.3029.83)
  (Driver info: chromedriver=2.28.455520 (cc17746adff54984afff480136733114c6b3704b),platform=Windows NT 6.1.7601 SP1 x86_64) (WARNING: The server did not provide any stacktrace information)
Command duration or timeout: 15 milliseconds
Build info: version: &amp;apos;3.0.0&amp;apos;, revision: &amp;apos;350cf60&amp;apos;, time: &amp;apos;2016-10-13 10:48:57 -0700&amp;apos;
System info: host: &amp;apos;DSHYD-086&amp;apos;, ip: &amp;apos;172.16.3.3&amp;apos;, os.name: &amp;apos;Windows 7&amp;apos;, os.arch: &amp;apos;amd64&amp;apos;, os.version: &amp;apos;6.1&amp;apos;, java.version: &amp;apos;1.8.0_121&amp;apos;
Driver info: io.appium.java_client.android.AndroidDriver
Capabilities [{appPackage=com.cloudfmgroup.cloudFMApp, deviceName=4200088eca576300, platform=LINUX, deviceUDID=4200088eca576300, desired={app=E:\Lavanya\Cloudfm\Cloudfm\src\main\resources\App_APK\Cloudfm.apk, newCommandTimeout=300, platformVersion=6.0.1, automationName=Appium, browserName=, platformName=Android, udid=4200088eca576300, deviceName=Galaxy J2(2016)}, newCommandTimeout=300, platformVersion=6.0.1, webStorageEnabled=false, automationName=Appium, takesScreenshot=true, browserName=, javascriptEnabled=true, platformName=Android, udid=4200088eca576300, deviceManufacturer=samsung, app=E:\Lavanya\Cloudfm\Cloudfm\src\main\resources\App_APK\Cloudfm.apk, deviceScreenSize=720x1280, networkConnectionEnabled=true, warnings={}, appWaitPackage=com.cloudfmgroup.cloudFMApp, appWaitActivity=com.cloudfmgroup.cloudFMApp.MainActivity, databaseEnabled=false, appActivity=com.cloudfmgroup.cloudFMApp.MainActivity, locationContextEnabled=false, deviceModel=SM-J210F}]
Session ID: 5634d6df-5826-4353-9f1a-73563b0dd0b9">
      <![CDATA[org.openqa.selenium.WebDriverException: unknown error: operation is unsupported on Android
  (Session info: chrome=58.0.3029.83)
  (Driver info: chromedriver=2.28.455520 (cc17746adff54984afff480136733114c6b3704b),platform=Windows NT 6.1.7601 SP1 x86_64) (WARNING: The server did not provide any stacktrace information)
Command duration or timeout: 15 milliseconds
Build info: version: '3.0.0', revision: '350cf60', time: '2016-10-13 10:48:57 -0700'
System info: host: 'DSHYD-086', ip: '172.16.3.3', os.name: 'Windows 7', os.arch: 'amd64', os.version: '6.1', java.version: '1.8.0_121'
Driver info: io.appium.java_client.android.AndroidDriver
Capabilities [{appPackage=com.cloudfmgroup.cloudFMApp, deviceName=4200088eca576300, platform=LINUX, deviceUDID=4200088eca576300, desired={app=E:\Lavanya\Cloudfm\Cloudfm\src\main\resources\App_APK\Cloudfm.apk, newCommandTimeout=300, platformVersion=6.0.1, automationName=Appium, browserName=, platformName=Android, udid=4200088eca576300, deviceName=Galaxy J2(2016)}, newCommandTimeout=300, platformVersion=6.0.1, webStorageEnabled=false, automationName=Appium, takesScreenshot=true, browserName=, javascriptEnabled=true, platformName=Android, udid=4200088eca576300, deviceManufacturer=samsung, app=E:\Lavanya\Cloudfm\Cloudfm\src\main\resources\App_APK\Cloudfm.apk, deviceScreenSize=720x1280, networkConnectionEnabled=true, warnings={}, appWaitPackage=com.cloudfmgroup.cloudFMApp, appWaitActivity=com.cloudfmgroup.cloudFMApp.MainActivity, databaseEnabled=false, appActivity=com.cloudfmgroup.cloudFMApp.MainActivity, locationContextEnabled=false, deviceModel=SM-J210F}]
Session ID: 5634d6df-5826-4353-9f1a-73563b0dd0b9
	at org.openqa.selenium.remote.ErrorHandler.createThrowable(ErrorHandler.java:216)
	at org.openqa.selenium.remote.ErrorHandler.throwIfResponseFailed(ErrorHandler.java:168)
	at org.openqa.selenium.remote.RemoteWebDriver.execute(RemoteWebDriver.java:635)
	at io.appium.java_client.DefaultGenericMobileDriver.execute(DefaultGenericMobileDriver.java:46)
	at io.appium.java_client.AppiumDriver.execute(AppiumDriver.java:1)
	at io.appium.java_client.android.AndroidDriver.execute(AndroidDriver.java:1)
	at org.openqa.selenium.remote.RemoteWebDriver$RemoteWebDriverOptions$RemoteWindow.getSize(RemoteWebDriver.java:858)
	at Utilities.KeywordUtil.swipevertical(KeywordUtil.java:809)
	at Utilities.KeywordUtil.VerifyDetailsDescription(KeywordUtil.java:801)
	at Utilities.AndroidApplicationFunctions.verifyDetailsDescription(AndroidApplicationFunctions.java:465)
	at com.cloudfm.andriod.Tc_andriod_062.TestValidation(Tc_andriod_062.java:65)
	at suite.runner.CustomSuiteRunner.suiteRunner(CustomSuiteRunner.java:147)
... Removed 52 stack frames]]>
    </failure>
  </testcase> <!-- TestValidation -->
  <testcase name="TestValidation" time="92.854" classname="com.cloudfm.andriod.Tc_andriod_067">
    <failure type="org.openqa.selenium.StaleElementReferenceException" message="stale element reference: element is not attached to the page document
  (Session info: chrome=58.0.3029.83)
  (Driver info: chromedriver=2.28.455520 (cc17746adff54984afff480136733114c6b3704b),platform=Windows NT 6.1.7601 SP1 x86_64) (WARNING: The server did not provide any stacktrace information)
Command duration or timeout: 167 milliseconds
For documentation on this error, please visit: http://seleniumhq.org/exceptions/stale_element_reference.html
Build info: version: &amp;apos;3.0.0&amp;apos;, revision: &amp;apos;350cf60&amp;apos;, time: &amp;apos;2016-10-13 10:48:57 -0700&amp;apos;
System info: host: &amp;apos;DSHYD-086&amp;apos;, ip: &amp;apos;172.16.3.3&amp;apos;, os.name: &amp;apos;Windows 7&amp;apos;, os.arch: &amp;apos;amd64&amp;apos;, os.version: &amp;apos;6.1&amp;apos;, java.version: &amp;apos;1.8.0_121&amp;apos;
Driver info: io.appium.java_client.android.AndroidDriver
Capabilities [{appPackage=com.cloudfmgroup.cloudFMApp, deviceName=4200088eca576300, platform=LINUX, deviceUDID=4200088eca576300, desired={app=E:\Lavanya\Cloudfm\Cloudfm\src\main\resources\App_APK\Cloudfm.apk, newCommandTimeout=300, platformVersion=6.0.1, automationName=Appium, browserName=, platformName=Android, udid=4200088eca576300, deviceName=Galaxy J2(2016)}, newCommandTimeout=300, platformVersion=6.0.1, webStorageEnabled=false, automationName=Appium, takesScreenshot=true, browserName=, javascriptEnabled=true, platformName=Android, udid=4200088eca576300, deviceManufacturer=samsung, app=E:\Lavanya\Cloudfm\Cloudfm\src\main\resources\App_APK\Cloudfm.apk, deviceScreenSize=720x1280, networkConnectionEnabled=true, warnings={}, appWaitPackage=com.cloudfmgroup.cloudFMApp, appWaitActivity=com.cloudfmgroup.cloudFMApp.MainActivity, databaseEnabled=false, appActivity=com.cloudfmgroup.cloudFMApp.MainActivity, locationContextEnabled=false, deviceModel=SM-J210F}]
Session ID: 53a65eac-274a-4de6-9d5d-ea8500e0af90">
      <![CDATA[org.openqa.selenium.StaleElementReferenceException: stale element reference: element is not attached to the page document
  (Session info: chrome=58.0.3029.83)
  (Driver info: chromedriver=2.28.455520 (cc17746adff54984afff480136733114c6b3704b),platform=Windows NT 6.1.7601 SP1 x86_64) (WARNING: The server did not provide any stacktrace information)
Command duration or timeout: 167 milliseconds
For documentation on this error, please visit: http://seleniumhq.org/exceptions/stale_element_reference.html
Build info: version: '3.0.0', revision: '350cf60', time: '2016-10-13 10:48:57 -0700'
System info: host: 'DSHYD-086', ip: '172.16.3.3', os.name: 'Windows 7', os.arch: 'amd64', os.version: '6.1', java.version: '1.8.0_121'
Driver info: io.appium.java_client.android.AndroidDriver
Capabilities [{appPackage=com.cloudfmgroup.cloudFMApp, deviceName=4200088eca576300, platform=LINUX, deviceUDID=4200088eca576300, desired={app=E:\Lavanya\Cloudfm\Cloudfm\src\main\resources\App_APK\Cloudfm.apk, newCommandTimeout=300, platformVersion=6.0.1, automationName=Appium, browserName=, platformName=Android, udid=4200088eca576300, deviceName=Galaxy J2(2016)}, newCommandTimeout=300, platformVersion=6.0.1, webStorageEnabled=false, automationName=Appium, takesScreenshot=true, browserName=, javascriptEnabled=true, platformName=Android, udid=4200088eca576300, deviceManufacturer=samsung, app=E:\Lavanya\Cloudfm\Cloudfm\src\main\resources\App_APK\Cloudfm.apk, deviceScreenSize=720x1280, networkConnectionEnabled=true, warnings={}, appWaitPackage=com.cloudfmgroup.cloudFMApp, appWaitActivity=com.cloudfmgroup.cloudFMApp.MainActivity, databaseEnabled=false, appActivity=com.cloudfmgroup.cloudFMApp.MainActivity, locationContextEnabled=false, deviceModel=SM-J210F}]
Session ID: 53a65eac-274a-4de6-9d5d-ea8500e0af90
	at org.openqa.selenium.remote.ErrorHandler.createThrowable(ErrorHandler.java:216)
	at org.openqa.selenium.remote.ErrorHandler.throwIfResponseFailed(ErrorHandler.java:168)
	at org.openqa.selenium.remote.RemoteWebDriver.execute(RemoteWebDriver.java:635)
	at io.appium.java_client.DefaultGenericMobileDriver.execute(DefaultGenericMobileDriver.java:42)
	at io.appium.java_client.AppiumDriver.execute(AppiumDriver.java:1)
	at io.appium.java_client.android.AndroidDriver.execute(AndroidDriver.java:1)
	at org.openqa.selenium.remote.RemoteWebElement.execute(RemoteWebElement.java:274)
	at io.appium.java_client.DefaultGenericMobileElement.execute(DefaultGenericMobileElement.java:45)
	at io.appium.java_client.MobileElement.execute(MobileElement.java:1)
	at io.appium.java_client.android.AndroidElement.execute(AndroidElement.java:1)
	at org.openqa.selenium.remote.RemoteWebElement.getText(RemoteWebElement.java:158)
	at Utilities.KeywordUtil.GetTextOfElement(KeywordUtil.java:543)
	at Utilities.AndroidApplicationFunctions.verifyPastFuntionality(AndroidApplicationFunctions.java:527)
	at com.cloudfm.andriod.Tc_andriod_067.TestValidation(Tc_andriod_067.java:63)
	at suite.runner.CustomSuiteRunner.suiteRunner(CustomSuiteRunner.java:147)
... Removed 52 stack frames]]>
    </failure>
  </testcase> <!-- TestValidation -->
  <testcase name="TestValidation" time="96.629" classname="com.cloudfm.andriod.Tc_andriod_068"/>
  <testcase name="TestValidation" time="92.223" classname="com.cloudfm.andriod.Tc_andriod_069">
    <failure type="java.lang.AssertionError" message="expected [true] but found [false]">
      <![CDATA[java.lang.AssertionError: expected [true] but found [false]
	at com.cloudfm.andriod.Tc_andriod_069.TestValidation(Tc_andriod_069.java:58)
	at suite.runner.CustomSuiteRunner.suiteRunner(CustomSuiteRunner.java:147)
... Removed 52 stack frames]]>
    </failure>
  </testcase> <!-- TestValidation -->
  <testcase name="TestValidation" time="79.174" classname="com.cloudfm.andriod.Tc_andriod_070"/>
  <testcase name="TestValidation" time="62.546" classname="com.cloudfm.andriod.Tc_andriod_071">
    <failure type="org.openqa.selenium.NoSuchElementException" message="An element could not be located on the page using the given search parameters. (WARNING: The server did not provide any stacktrace information)
Command duration or timeout: 20.22 seconds
For documentation on this error, please visit: http://seleniumhq.org/exceptions/no_such_element.html
Build info: version: &amp;apos;3.0.0&amp;apos;, revision: &amp;apos;350cf60&amp;apos;, time: &amp;apos;2016-10-13 10:48:57 -0700&amp;apos;
System info: host: &amp;apos;DSHYD-086&amp;apos;, ip: &amp;apos;172.16.3.3&amp;apos;, os.name: &amp;apos;Windows 7&amp;apos;, os.arch: &amp;apos;amd64&amp;apos;, os.version: &amp;apos;6.1&amp;apos;, java.version: &amp;apos;1.8.0_121&amp;apos;
Driver info: io.appium.java_client.android.AndroidDriver
Capabilities [{appPackage=com.cloudfmgroup.cloudFMApp, deviceName=4200088eca576300, platform=LINUX, deviceUDID=4200088eca576300, desired={app=E:\Lavanya\Cloudfm\Cloudfm\src\main\resources\App_APK\Cloudfm.apk, newCommandTimeout=300, platformVersion=6.0.1, automationName=Appium, browserName=, platformName=Android, udid=4200088eca576300, deviceName=Galaxy J2(2016)}, newCommandTimeout=300, platformVersion=6.0.1, webStorageEnabled=false, automationName=Appium, takesScreenshot=true, browserName=, javascriptEnabled=true, platformName=Android, udid=4200088eca576300, deviceManufacturer=samsung, app=E:\Lavanya\Cloudfm\Cloudfm\src\main\resources\App_APK\Cloudfm.apk, deviceScreenSize=720x1280, networkConnectionEnabled=true, warnings={}, appWaitPackage=com.cloudfmgroup.cloudFMApp, appWaitActivity=com.cloudfmgroup.cloudFMApp.MainActivity, databaseEnabled=false, appActivity=com.cloudfmgroup.cloudFMApp.MainActivity, locationContextEnabled=false, deviceModel=SM-J210F}]
Session ID: 422fb409-5311-4341-9c0a-47612ed88870
*** Element info: {Using=xpath, value=//android.widget.EditText[@text=&amp;apos;Password&amp;apos;]}">
      <![CDATA[org.openqa.selenium.NoSuchElementException: An element could not be located on the page using the given search parameters. (WARNING: The server did not provide any stacktrace information)
Command duration or timeout: 20.22 seconds
For documentation on this error, please visit: http://seleniumhq.org/exceptions/no_such_element.html
Build info: version: '3.0.0', revision: '350cf60', time: '2016-10-13 10:48:57 -0700'
System info: host: 'DSHYD-086', ip: '172.16.3.3', os.name: 'Windows 7', os.arch: 'amd64', os.version: '6.1', java.version: '1.8.0_121'
Driver info: io.appium.java_client.android.AndroidDriver
Capabilities [{appPackage=com.cloudfmgroup.cloudFMApp, deviceName=4200088eca576300, platform=LINUX, deviceUDID=4200088eca576300, desired={app=E:\Lavanya\Cloudfm\Cloudfm\src\main\resources\App_APK\Cloudfm.apk, newCommandTimeout=300, platformVersion=6.0.1, automationName=Appium, browserName=, platformName=Android, udid=4200088eca576300, deviceName=Galaxy J2(2016)}, newCommandTimeout=300, platformVersion=6.0.1, webStorageEnabled=false, automationName=Appium, takesScreenshot=true, browserName=, javascriptEnabled=true, platformName=Android, udid=4200088eca576300, deviceManufacturer=samsung, app=E:\Lavanya\Cloudfm\Cloudfm\src\main\resources\App_APK\Cloudfm.apk, deviceScreenSize=720x1280, networkConnectionEnabled=true, warnings={}, appWaitPackage=com.cloudfmgroup.cloudFMApp, appWaitActivity=com.cloudfmgroup.cloudFMApp.MainActivity, databaseEnabled=false, appActivity=com.cloudfmgroup.cloudFMApp.MainActivity, locationContextEnabled=false, deviceModel=SM-J210F}]
Session ID: 422fb409-5311-4341-9c0a-47612ed88870
*** Element info: {Using=xpath, value=//android.widget.EditText[@text='Password']}
	at org.openqa.selenium.remote.ErrorHandler.createThrowable(ErrorHandler.java:216)
	at org.openqa.selenium.remote.ErrorHandler.throwIfResponseFailed(ErrorHandler.java:168)
	at org.openqa.selenium.remote.RemoteWebDriver.execute(RemoteWebDriver.java:635)
	at io.appium.java_client.DefaultGenericMobileDriver.execute(DefaultGenericMobileDriver.java:42)
	at io.appium.java_client.AppiumDriver.execute(AppiumDriver.java:1)
	at io.appium.java_client.android.AndroidDriver.execute(AndroidDriver.java:1)
	at org.openqa.selenium.remote.RemoteWebDriver.findElement(RemoteWebDriver.java:368)
	at io.appium.java_client.DefaultGenericMobileDriver.findElement(DefaultGenericMobileDriver.java:62)
	at io.appium.java_client.AppiumDriver.findElement(AppiumDriver.java:1)
	at io.appium.java_client.android.AndroidDriver.findElement(AndroidDriver.java:1)
	at org.openqa.selenium.remote.RemoteWebDriver.findElementByXPath(RemoteWebDriver.java:473)
	at io.appium.java_client.DefaultGenericMobileDriver.findElementByXPath(DefaultGenericMobileDriver.java:140)
	at io.appium.java_client.AppiumDriver.findElementByXPath(AppiumDriver.java:1)
	at io.appium.java_client.android.AndroidDriver.findElementByXPath(AndroidDriver.java:1)
	at org.openqa.selenium.By$ByXPath.findElement(By.java:361)
	at org.openqa.selenium.remote.RemoteWebDriver.findElement(RemoteWebDriver.java:360)
	at io.appium.java_client.DefaultGenericMobileDriver.findElement(DefaultGenericMobileDriver.java:58)
	at io.appium.java_client.AppiumDriver.findElement(AppiumDriver.java:1)
	at io.appium.java_client.android.AndroidDriver.findElement(AndroidDriver.java:1)
	at Utilities.KeywordUtil.writeInInput(KeywordUtil.java:114)
	at Utilities.AndroidApplicationFunctions.loginToApplication(AndroidApplicationFunctions.java:42)
	at com.cloudfm.andriod.Tc_andriod_071.TestValidation(Tc_andriod_071.java:56)
	at suite.runner.CustomSuiteRunner.suiteRunner(CustomSuiteRunner.java:147)
... Removed 52 stack frames]]>
    </failure>
  </testcase> <!-- TestValidation -->
</testsuite> <!-- Functional-Tests -->
