<?xml version="1.0" encoding="UTF-8"?>
<!-- Generated by org.testng.reporters.JUnitXMLReporter -->
<testsuite hostname="Mac-Admin.local" name="Web Test" tests="4" failures="0" timestamp="5 Oct 2016 11:33:43 GMT" time="70.97" errors="0">
  <testcase name="test_TC_Flipkart_001" time="0.019" classname="TestingXperts.flipkart.tests.TC_Flipkart_001">
    <skipped/>
  </testcase> <!-- test_TC_Flipkart_001 -->
  <testcase name="test_TC_Flipkart_002" time="0.011" classname="TestingXperts.flipkart.tests.TC_Flipkart_002">
    <skipped/>
  </testcase> <!-- test_TC_Flipkart_002 -->
  <testcase name="test_TC_Flipkart_003" time="0.005" classname="TestingXperts.flipkart.tests.TC_Flipkart_003">
    <skipped/>
  </testcase> <!-- test_TC_Flipkart_003 -->
  <testcase name="test_TC_Flipkart_001" time="17.82" classname="TestingXperts.flipkart.tests.TC_Flipkart_005"/>
</testsuite> <!-- Web Test -->
